<?xml version="1.0" encoding="UTF-8"?>
<testsuite name="dev.buildone.core.test.domain.service.FileCoreConfigurationTest" tests="8" skipped="0" failures="0" errors="0" timestamp="2024-02-06T02:56:01" hostname="sabirmbpro.lan" time="0.021">
  <properties/>
  <testcase name="whenFrameworkCssIsRequested_itReturnsCorrectCss()" classname="dev.buildone.core.test.domain.service.FileCoreConfigurationTest" time="0.002"/>
  <testcase name="whenPropertiesAreReadSuccessfully_itCreatesConfigs()" classname="dev.buildone.core.test.domain.service.FileCoreConfigurationTest" time="0.001"/>
  <testcase name="whenTemplateIsConfiguredCorrectly_itCreatesABean()" classname="dev.buildone.core.test.domain.service.FileCoreConfigurationTest" time="0.001"/>
  <testcase name="whenAppSettingsProvided_itLoadsSettingsCorrectly()" classname="dev.buildone.core.test.domain.service.FileCoreConfigurationTest" time="0.001"/>
  <testcase name="whenAppJsIsRequested_itReturnsCorrectJs()" classname="dev.buildone.core.test.domain.service.FileCoreConfigurationTest" time="0.0"/>
  <testcase name="whenServiceIsConfiguredCorrectly_itCreatesABean()" classname="dev.buildone.core.test.domain.service.FileCoreConfigurationTest" time="0.001"/>
  <testcase name="whenFrameworkJsIsRequested_itReturnsCorrectJs()" classname="dev.buildone.core.test.domain.service.FileCoreConfigurationTest" time="0.0"/>
  <testcase name="whenAppCssIsRequested_itReturnsCorrectCss()" classname="dev.buildone.core.test.domain.service.FileCoreConfigurationTest" time="0.001"/>
  <system-out><![CDATA[
  .   ____          _            __ _ _
 /\\ / ___'_ __ _ _(_)_ __  __ _ \ \ \ \
( ( )\___ | '_ | '_| | '_ \/ _` | \ \ \ \
 \\/  ___)| |_)| | | | | || (_| |  ) ) ) )
  '  |____| .__|_| |_|_| |_\__, | / / / /
 =========|_|==============|___/=/_/_/_/
 :: Spring Boot ::                (v3.2.2)

2024-02-05T21:56:01.482-05:00  INFO 7423 --- [    Test worker] d.b.c.t.d.s.FileCoreConfigurationTest    : Starting FileCoreConfigurationTest using Java 21.0.2 with PID 7423 (started by msabir in /Users/msabir/development/projects/buildone-core)
2024-02-05T21:56:01.482-05:00  INFO 7423 --- [    Test worker] d.b.c.t.d.s.FileCoreConfigurationTest    : The following 1 profile is active: "file"
2024-02-05T21:56:01.498-05:00  INFO 7423 --- [    Test worker] d.b.c.t.d.s.FileCoreConfigurationTest    : Started FileCoreConfigurationTest in 0.031 seconds (process running for 1.388)
]]></system-out>
  <system-err><![CDATA[]]></system-err>
</testsuite>
